<?xml version="1.0" encoding="UTF-8"?>
<testng-results skipped="0" failed="2" total="22" passed="20">
  <reporter-output>
  </reporter-output>
  <suite name="TestNG Session Test Automation Suite" duration-ms="78687" started-at="2019-07-13T19:19:28Z" finished-at="2019-07-13T19:20:47Z">
    <groups>
      <group name="Gmail">
        <method signature="GoogleTest.MailLinkTest()[pri:2, instance:com.Tests.GoogleTest@591f989e]" name="MailLinkTest" class="com.Tests.GoogleTest"/>
      </group> <!-- Gmail -->
      <group name="Test">
        <method signature="GoogleTest.Test1()[pri:4, instance:com.Tests.GoogleTest@591f989e]" name="Test1" class="com.Tests.GoogleTest"/>
        <method signature="GoogleTest.Test2()[pri:5, instance:com.Tests.GoogleTest@591f989e]" name="Test2" class="com.Tests.GoogleTest"/>
        <method signature="GoogleTest.Test3()[pri:6, instance:com.Tests.GoogleTest@591f989e]" name="Test3" class="com.Tests.GoogleTest"/>
      </group> <!-- Test -->
      <group name="Title">
        <method signature="GoogleTest.googleTest()[pri:1, instance:com.Tests.GoogleTest@591f989e]" name="googleTest" class="com.Tests.GoogleTest"/>
      </group> <!-- Title -->
      <group name="Logo">
        <method signature="GoogleTest.googleLogoTest()[pri:3, instance:com.Tests.GoogleTest@591f989e]" name="googleLogoTest" class="com.Tests.GoogleTest"/>
      </group> <!-- Logo -->
    </groups>
    <test name="Different testng Feature Test" duration-ms="78687" started-at="2019-07-13T19:19:28Z" finished-at="2019-07-13T19:20:47Z">
      <class name="com.Tests.inovocationCount">
        <test-method status="PASS" signature="sum()[pri:0, instance:com.Tests.inovocationCount@61443d8f]" name="sum" duration-ms="1" started-at="2019-07-13T15:20:47Z" finished-at="2019-07-13T15:20:47Z">
          <reporter-output>
          </reporter-output>
        </test-method> <!-- sum -->
        <test-method status="PASS" signature="sum()[pri:0, instance:com.Tests.inovocationCount@61443d8f]" name="sum" duration-ms="1" started-at="2019-07-13T15:20:47Z" finished-at="2019-07-13T15:20:47Z">
          <reporter-output>
          </reporter-output>
        </test-method> <!-- sum -->
        <test-method status="PASS" signature="sum()[pri:0, instance:com.Tests.inovocationCount@61443d8f]" name="sum" duration-ms="3" started-at="2019-07-13T15:20:47Z" finished-at="2019-07-13T15:20:47Z">
          <reporter-output>
          </reporter-output>
        </test-method> <!-- sum -->
        <test-method status="PASS" signature="sum()[pri:0, instance:com.Tests.inovocationCount@61443d8f]" name="sum" duration-ms="4" started-at="2019-07-13T15:20:47Z" finished-at="2019-07-13T15:20:47Z">
          <reporter-output>
          </reporter-output>
        </test-method> <!-- sum -->
        <test-method status="PASS" signature="sum()[pri:0, instance:com.Tests.inovocationCount@61443d8f]" name="sum" duration-ms="1" started-at="2019-07-13T15:20:47Z" finished-at="2019-07-13T15:20:47Z">
          <reporter-output>
          </reporter-output>
        </test-method> <!-- sum -->
        <test-method status="PASS" signature="sum()[pri:0, instance:com.Tests.inovocationCount@61443d8f]" name="sum" duration-ms="1" started-at="2019-07-13T15:20:47Z" finished-at="2019-07-13T15:20:47Z">
          <reporter-output>
          </reporter-output>
        </test-method> <!-- sum -->
        <test-method status="PASS" signature="sum()[pri:0, instance:com.Tests.inovocationCount@61443d8f]" name="sum" duration-ms="1" started-at="2019-07-13T15:20:47Z" finished-at="2019-07-13T15:20:47Z">
          <reporter-output>
          </reporter-output>
        </test-method> <!-- sum -->
        <test-method status="PASS" signature="sum()[pri:0, instance:com.Tests.inovocationCount@61443d8f]" name="sum" duration-ms="1" started-at="2019-07-13T15:20:47Z" finished-at="2019-07-13T15:20:47Z">
          <reporter-output>
          </reporter-output>
        </test-method> <!-- sum -->
        <test-method status="PASS" signature="sum()[pri:0, instance:com.Tests.inovocationCount@61443d8f]" name="sum" duration-ms="1" started-at="2019-07-13T15:20:47Z" finished-at="2019-07-13T15:20:47Z">
          <reporter-output>
          </reporter-output>
        </test-method> <!-- sum -->
        <test-method status="PASS" signature="sum()[pri:0, instance:com.Tests.inovocationCount@61443d8f]" name="sum" duration-ms="1" started-at="2019-07-13T15:20:47Z" finished-at="2019-07-13T15:20:47Z">
          <reporter-output>
          </reporter-output>
        </test-method> <!-- sum -->
      </class> <!-- com.Tests.inovocationCount -->
      <class name="com.Tests.ExceptionTimeOutTest">
        <test-method status="PASS" signature="Test1()[pri:0, instance:com.Tests.ExceptionTimeOutTest@2fc14f68]" name="Test1" duration-ms="4" started-at="2019-07-13T15:19:28Z" finished-at="2019-07-13T15:19:28Z">
          <exception class="java.lang.NumberFormatException">
            <message>
              <![CDATA[For input string: " 100A"]]>
            </message>
            <full-stacktrace>
              <![CDATA[java.lang.NumberFormatException: For input string: " 100A"
	at java.lang.NumberFormatException.forInputString(Unknown Source)
	at java.lang.Integer.parseInt(Unknown Source)
	at java.lang.Integer.parseInt(Unknown Source)
	at com.Tests.ExceptionTimeOutTest.Test1(ExceptionTimeOutTest.java:21)
	at sun.reflect.NativeMethodAccessorImpl.invoke0(Native Method)
	at sun.reflect.NativeMethodAccessorImpl.invoke(Unknown Source)
	at sun.reflect.DelegatingMethodAccessorImpl.invoke(Unknown Source)
	at java.lang.reflect.Method.invoke(Unknown Source)
	at org.testng.internal.MethodInvocationHelper.invokeMethod(MethodInvocationHelper.java:86)
	at org.testng.internal.Invoker.invokeMethod(Invoker.java:645)
	at org.testng.internal.Invoker.invokeTestMethod(Invoker.java:822)
	at org.testng.internal.Invoker.invokeTestMethods(Invoker.java:1130)
	at org.testng.internal.TestMethodWorker.invokeTestMethods(TestMethodWorker.java:129)
	at org.testng.internal.TestMethodWorker.run(TestMethodWorker.java:112)
	at org.testng.TestRunner.privateRun(TestRunner.java:782)
	at org.testng.TestRunner.run(TestRunner.java:632)
	at org.testng.SuiteRunner.runTest(SuiteRunner.java:366)
	at org.testng.SuiteRunner.runSequentially(SuiteRunner.java:361)
	at org.testng.SuiteRunner.privateRun(SuiteRunner.java:319)
	at org.testng.SuiteRunner.run(SuiteRunner.java:268)
	at org.testng.SuiteRunnerWorker.runSuite(SuiteRunnerWorker.java:52)
	at org.testng.SuiteRunnerWorker.run(SuiteRunnerWorker.java:86)
	at org.testng.TestNG.runSuitesSequentially(TestNG.java:1244)
	at org.testng.TestNG.runSuitesLocally(TestNG.java:1169)
	at org.testng.TestNG.run(TestNG.java:1064)
	at org.testng.remote.RemoteTestNG.run(RemoteTestNG.java:113)
	at org.testng.remote.RemoteTestNG.initAndRun(RemoteTestNG.java:206)
	at org.testng.remote.RemoteTestNG.main(RemoteTestNG.java:177)
]]>
            </full-stacktrace>
          </exception> <!-- java.lang.NumberFormatException -->
          <reporter-output>
          </reporter-output>
        </test-method> <!-- Test1 -->
      </class> <!-- com.Tests.ExceptionTimeOutTest -->
      <class name="com.Tests.GoogleTest">
        <test-method status="PASS" signature="setup()[pri:0, instance:com.Tests.GoogleTest@591f989e]" name="setup" is-config="true" duration-ms="15597" started-at="2019-07-13T15:19:28Z" finished-at="2019-07-13T15:19:44Z">
          <reporter-output>
          </reporter-output>
        </test-method> <!-- setup -->
        <test-method status="PASS" signature="googleTest()[pri:1, instance:com.Tests.GoogleTest@591f989e]" name="googleTest" duration-ms="35" started-at="2019-07-13T15:19:44Z" finished-at="2019-07-13T15:19:44Z">
          <reporter-output>
          </reporter-output>
        </test-method> <!-- googleTest -->
        <test-method status="PASS" signature="CloseBrowser()[pri:0, instance:com.Tests.GoogleTest@591f989e]" name="CloseBrowser" is-config="true" duration-ms="2690" started-at="2019-07-13T15:19:44Z" finished-at="2019-07-13T15:19:47Z">
          <reporter-output>
          </reporter-output>
        </test-method> <!-- CloseBrowser -->
        <test-method status="PASS" signature="setup()[pri:0, instance:com.Tests.GoogleTest@591f989e]" name="setup" is-config="true" duration-ms="6421" started-at="2019-07-13T15:19:47Z" finished-at="2019-07-13T15:19:53Z">
          <reporter-output>
          </reporter-output>
        </test-method> <!-- setup -->
        <test-method status="PASS" signature="MailLinkTest()[pri:2, instance:com.Tests.GoogleTest@591f989e]" name="MailLinkTest" duration-ms="94" started-at="2019-07-13T15:19:53Z" finished-at="2019-07-13T15:19:53Z">
          <reporter-output>
          </reporter-output>
        </test-method> <!-- MailLinkTest -->
        <test-method status="PASS" signature="CloseBrowser()[pri:0, instance:com.Tests.GoogleTest@591f989e]" name="CloseBrowser" is-config="true" duration-ms="2189" started-at="2019-07-13T15:19:53Z" finished-at="2019-07-13T15:19:55Z">
          <reporter-output>
          </reporter-output>
        </test-method> <!-- CloseBrowser -->
        <test-method status="PASS" signature="setup()[pri:0, instance:com.Tests.GoogleTest@591f989e]" name="setup" is-config="true" duration-ms="6704" started-at="2019-07-13T15:19:55Z" finished-at="2019-07-13T15:20:02Z">
          <reporter-output>
          </reporter-output>
        </test-method> <!-- setup -->
        <test-method status="PASS" signature="googleLogoTest()[pri:3, instance:com.Tests.GoogleTest@591f989e]" name="googleLogoTest" duration-ms="106" started-at="2019-07-13T15:20:02Z" finished-at="2019-07-13T15:20:02Z">
          <reporter-output>
          </reporter-output>
        </test-method> <!-- googleLogoTest -->
        <test-method status="PASS" signature="CloseBrowser()[pri:0, instance:com.Tests.GoogleTest@591f989e]" name="CloseBrowser" is-config="true" duration-ms="2182" started-at="2019-07-13T15:20:02Z" finished-at="2019-07-13T15:20:04Z">
          <reporter-output>
          </reporter-output>
        </test-method> <!-- CloseBrowser -->
        <test-method status="PASS" signature="setup()[pri:0, instance:com.Tests.GoogleTest@591f989e]" name="setup" is-config="true" duration-ms="6440" started-at="2019-07-13T15:20:04Z" finished-at="2019-07-13T15:20:11Z">
          <reporter-output>
          </reporter-output>
        </test-method> <!-- setup -->
        <test-method status="PASS" signature="Test1()[pri:4, instance:com.Tests.GoogleTest@591f989e]" name="Test1" duration-ms="1" started-at="2019-07-13T15:20:11Z" finished-at="2019-07-13T15:20:11Z">
          <reporter-output>
          </reporter-output>
        </test-method> <!-- Test1 -->
        <test-method status="PASS" signature="CloseBrowser()[pri:0, instance:com.Tests.GoogleTest@591f989e]" name="CloseBrowser" is-config="true" duration-ms="2128" started-at="2019-07-13T15:20:11Z" finished-at="2019-07-13T15:20:13Z">
          <reporter-output>
          </reporter-output>
        </test-method> <!-- CloseBrowser -->
        <test-method status="PASS" signature="setup()[pri:0, instance:com.Tests.GoogleTest@591f989e]" name="setup" is-config="true" duration-ms="6140" started-at="2019-07-13T15:20:13Z" finished-at="2019-07-13T15:20:19Z">
          <reporter-output>
          </reporter-output>
        </test-method> <!-- setup -->
        <test-method status="PASS" signature="Test2()[pri:5, instance:com.Tests.GoogleTest@591f989e]" name="Test2" duration-ms="2" started-at="2019-07-13T15:20:19Z" finished-at="2019-07-13T15:20:19Z">
          <reporter-output>
          </reporter-output>
        </test-method> <!-- Test2 -->
        <test-method status="PASS" signature="CloseBrowser()[pri:0, instance:com.Tests.GoogleTest@591f989e]" name="CloseBrowser" is-config="true" duration-ms="2233" started-at="2019-07-13T15:20:19Z" finished-at="2019-07-13T15:20:21Z">
          <reporter-output>
          </reporter-output>
        </test-method> <!-- CloseBrowser -->
        <test-method status="PASS" signature="setup()[pri:0, instance:com.Tests.GoogleTest@591f989e]" name="setup" is-config="true" duration-ms="6385" started-at="2019-07-13T15:20:21Z" finished-at="2019-07-13T15:20:28Z">
          <reporter-output>
          </reporter-output>
        </test-method> <!-- setup -->
        <test-method status="PASS" signature="Test3()[pri:6, instance:com.Tests.GoogleTest@591f989e]" name="Test3" duration-ms="1" started-at="2019-07-13T15:20:28Z" finished-at="2019-07-13T15:20:28Z">
          <reporter-output>
          </reporter-output>
        </test-method> <!-- Test3 -->
        <test-method status="PASS" signature="CloseBrowser()[pri:0, instance:com.Tests.GoogleTest@591f989e]" name="CloseBrowser" is-config="true" duration-ms="2168" started-at="2019-07-13T15:20:28Z" finished-at="2019-07-13T15:20:30Z">
          <reporter-output>
          </reporter-output>
        </test-method> <!-- CloseBrowser -->
      </class> <!-- com.Tests.GoogleTest -->
      <class name="com.Tests.GoogleTitleTest">
        <test-method status="PASS" signature="setup()[pri:0, instance:com.Tests.GoogleTitleTest@66048bfd]" name="setup" is-config="true" duration-ms="6094" started-at="2019-07-13T15:20:30Z" finished-at="2019-07-13T15:20:36Z">
          <reporter-output>
          </reporter-output>
        </test-method> <!-- setup -->
        <test-method status="FAIL" signature="googleLogoTest()[pri:0, instance:com.Tests.GoogleTitleTest@66048bfd]" name="googleLogoTest" duration-ms="47" started-at="2019-07-13T15:20:36Z" finished-at="2019-07-13T15:20:36Z">
          <exception class="java.lang.AssertionError">
            <message>
              <![CDATA[expected [true] but found [b]]]>
            </message>
            <full-stacktrace>
              <![CDATA[java.lang.AssertionError: expected [true] but found [b]
	at org.testng.Assert.fail(Assert.java:94)
	at org.testng.Assert.failNotEquals(Assert.java:513)
	at org.testng.Assert.assertEqualsImpl(Assert.java:135)
	at org.testng.Assert.assertEquals(Assert.java:116)
	at org.testng.Assert.assertEquals(Assert.java:190)
	at org.testng.Assert.assertEquals(Assert.java:200)
	at com.Tests.GoogleTitleTest.googleLogoTest(GoogleTitleTest.java:43)
	at sun.reflect.NativeMethodAccessorImpl.invoke0(Native Method)
	at sun.reflect.NativeMethodAccessorImpl.invoke(Unknown Source)
	at sun.reflect.DelegatingMethodAccessorImpl.invoke(Unknown Source)
	at java.lang.reflect.Method.invoke(Unknown Source)
	at org.testng.internal.MethodInvocationHelper.invokeMethod(MethodInvocationHelper.java:86)
	at org.testng.internal.Invoker.invokeMethod(Invoker.java:645)
	at org.testng.internal.Invoker.invokeTestMethod(Invoker.java:822)
	at org.testng.internal.Invoker.invokeTestMethods(Invoker.java:1130)
	at org.testng.internal.TestMethodWorker.invokeTestMethods(TestMethodWorker.java:129)
	at org.testng.internal.TestMethodWorker.run(TestMethodWorker.java:112)
	at org.testng.TestRunner.privateRun(TestRunner.java:782)
	at org.testng.TestRunner.run(TestRunner.java:632)
	at org.testng.SuiteRunner.runTest(SuiteRunner.java:366)
	at org.testng.SuiteRunner.runSequentially(SuiteRunner.java:361)
	at org.testng.SuiteRunner.privateRun(SuiteRunner.java:319)
	at org.testng.SuiteRunner.run(SuiteRunner.java:268)
	at org.testng.SuiteRunnerWorker.runSuite(SuiteRunnerWorker.java:52)
	at org.testng.SuiteRunnerWorker.run(SuiteRunnerWorker.java:86)
	at org.testng.TestNG.runSuitesSequentially(TestNG.java:1244)
	at org.testng.TestNG.runSuitesLocally(TestNG.java:1169)
	at org.testng.TestNG.run(TestNG.java:1064)
	at org.testng.remote.RemoteTestNG.run(RemoteTestNG.java:113)
	at org.testng.remote.RemoteTestNG.initAndRun(RemoteTestNG.java:206)
	at org.testng.remote.RemoteTestNG.main(RemoteTestNG.java:177)
]]>
            </full-stacktrace>
          </exception> <!-- java.lang.AssertionError -->
          <reporter-output>
          </reporter-output>
        </test-method> <!-- googleLogoTest -->
        <test-method status="PASS" signature="CloseBrowser()[pri:0, instance:com.Tests.GoogleTitleTest@66048bfd]" name="CloseBrowser" is-config="true" duration-ms="2130" started-at="2019-07-13T15:20:36Z" finished-at="2019-07-13T15:20:38Z">
          <reporter-output>
          </reporter-output>
        </test-method> <!-- CloseBrowser -->
        <test-method status="PASS" signature="setup()[pri:0, instance:com.Tests.GoogleTitleTest@66048bfd]" name="setup" is-config="true" duration-ms="6322" started-at="2019-07-13T15:20:38Z" finished-at="2019-07-13T15:20:45Z">
          <reporter-output>
          </reporter-output>
        </test-method> <!-- setup -->
        <test-method status="FAIL" signature="googleTest()[pri:0, instance:com.Tests.GoogleTitleTest@66048bfd]" name="googleTest" duration-ms="21" started-at="2019-07-13T15:20:45Z" finished-at="2019-07-13T15:20:45Z">
          <exception class="java.lang.AssertionError">
            <message>
              <![CDATA[expected [Google] but found [title]]]>
            </message>
            <full-stacktrace>
              <![CDATA[java.lang.AssertionError: expected [Google] but found [title]
	at org.testng.Assert.fail(Assert.java:94)
	at org.testng.Assert.failNotEquals(Assert.java:513)
	at org.testng.Assert.assertEqualsImpl(Assert.java:135)
	at org.testng.Assert.assertEquals(Assert.java:116)
	at org.testng.Assert.assertEquals(Assert.java:190)
	at org.testng.Assert.assertEquals(Assert.java:200)
	at com.Tests.GoogleTitleTest.googleTest(GoogleTitleTest.java:35)
	at sun.reflect.NativeMethodAccessorImpl.invoke0(Native Method)
	at sun.reflect.NativeMethodAccessorImpl.invoke(Unknown Source)
	at sun.reflect.DelegatingMethodAccessorImpl.invoke(Unknown Source)
	at java.lang.reflect.Method.invoke(Unknown Source)
	at org.testng.internal.MethodInvocationHelper.invokeMethod(MethodInvocationHelper.java:86)
	at org.testng.internal.Invoker.invokeMethod(Invoker.java:645)
	at org.testng.internal.Invoker.invokeTestMethod(Invoker.java:822)
	at org.testng.internal.Invoker.invokeTestMethods(Invoker.java:1130)
	at org.testng.internal.TestMethodWorker.invokeTestMethods(TestMethodWorker.java:129)
	at org.testng.internal.TestMethodWorker.run(TestMethodWorker.java:112)
	at org.testng.TestRunner.privateRun(TestRunner.java:782)
	at org.testng.TestRunner.run(TestRunner.java:632)
	at org.testng.SuiteRunner.runTest(SuiteRunner.java:366)
	at org.testng.SuiteRunner.runSequentially(SuiteRunner.java:361)
	at org.testng.SuiteRunner.privateRun(SuiteRunner.java:319)
	at org.testng.SuiteRunner.run(SuiteRunner.java:268)
	at org.testng.SuiteRunnerWorker.runSuite(SuiteRunnerWorker.java:52)
	at org.testng.SuiteRunnerWorker.run(SuiteRunnerWorker.java:86)
	at org.testng.TestNG.runSuitesSequentially(TestNG.java:1244)
	at org.testng.TestNG.runSuitesLocally(TestNG.java:1169)
	at org.testng.TestNG.run(TestNG.java:1064)
	at org.testng.remote.RemoteTestNG.run(RemoteTestNG.java:113)
	at org.testng.remote.RemoteTestNG.initAndRun(RemoteTestNG.java:206)
	at org.testng.remote.RemoteTestNG.main(RemoteTestNG.java:177)
]]>
            </full-stacktrace>
          </exception> <!-- java.lang.AssertionError -->
          <reporter-output>
          </reporter-output>
        </test-method> <!-- googleTest -->
        <test-method status="PASS" signature="CloseBrowser()[pri:0, instance:com.Tests.GoogleTitleTest@66048bfd]" name="CloseBrowser" is-config="true" duration-ms="2391" started-at="2019-07-13T15:20:45Z" finished-at="2019-07-13T15:20:47Z">
          <reporter-output>
          </reporter-output>
        </test-method> <!-- CloseBrowser -->
      </class> <!-- com.Tests.GoogleTitleTest -->
      <class name="com.Tests.TestNG_Basic">
        <test-method status="PASS" signature="setup()[pri:0, instance:com.Tests.TestNG_Basic@4b6995df]" name="setup" is-config="true" duration-ms="18" started-at="2019-07-13T15:19:28Z" finished-at="2019-07-13T15:19:28Z">
          <reporter-output>
          </reporter-output>
        </test-method> <!-- setup -->
        <test-method status="PASS" signature="launchbrowser()[pri:0, instance:com.Tests.TestNG_Basic@4b6995df]" name="launchbrowser" is-config="true" duration-ms="0" started-at="2019-07-13T15:19:28Z" finished-at="2019-07-13T15:19:28Z">
          <reporter-output>
          </reporter-output>
        </test-method> <!-- launchbrowser -->
        <test-method status="PASS" signature="login()[pri:0, instance:com.Tests.TestNG_Basic@4b6995df]" name="login" is-config="true" duration-ms="3" started-at="2019-07-13T15:20:47Z" finished-at="2019-07-13T15:20:47Z">
          <reporter-output>
          </reporter-output>
        </test-method> <!-- login -->
        <test-method status="PASS" signature="googlTitleTest()[pri:0, instance:com.Tests.TestNG_Basic@4b6995df]" name="googlTitleTest" duration-ms="2" started-at="2019-07-13T15:20:47Z" finished-at="2019-07-13T15:20:47Z">
          <reporter-output>
          </reporter-output>
        </test-method> <!-- googlTitleTest -->
        <test-method status="PASS" signature="enterurl()[pri:0, instance:com.Tests.TestNG_Basic@4b6995df]" name="enterurl" is-config="true" duration-ms="0" started-at="2019-07-13T15:20:47Z" finished-at="2019-07-13T15:20:47Z">
          <reporter-output>
          </reporter-output>
        </test-method> <!-- enterurl -->
        <test-method status="PASS" signature="logout()[pri:0, instance:com.Tests.TestNG_Basic@4b6995df]" name="logout" is-config="true" duration-ms="1" started-at="2019-07-13T15:20:47Z" finished-at="2019-07-13T15:20:47Z">
          <reporter-output>
          </reporter-output>
        </test-method> <!-- logout -->
        <test-method status="PASS" signature="googleTitleTest()[pri:0, instance:com.Tests.TestNG_Basic@4b6995df]" name="googleTitleTest" duration-ms="1" started-at="2019-07-13T15:20:47Z" finished-at="2019-07-13T15:20:47Z">
          <reporter-output>
          </reporter-output>
        </test-method> <!-- googleTitleTest -->
        <test-method status="PASS" signature="enterurl()[pri:0, instance:com.Tests.TestNG_Basic@4b6995df]" name="enterurl" is-config="true" duration-ms="0" started-at="2019-07-13T15:20:47Z" finished-at="2019-07-13T15:20:47Z">
          <reporter-output>
          </reporter-output>
        </test-method> <!-- enterurl -->
        <test-method status="PASS" signature="enterurl()[pri:0, instance:com.Tests.TestNG_Basic@4b6995df]" name="enterurl" is-config="true" duration-ms="1" started-at="2019-07-13T15:20:47Z" finished-at="2019-07-13T15:20:47Z">
          <reporter-output>
          </reporter-output>
        </test-method> <!-- enterurl -->
        <test-method status="PASS" signature="logout()[pri:0, instance:com.Tests.TestNG_Basic@4b6995df]" name="logout" is-config="true" duration-ms="0" started-at="2019-07-13T15:20:47Z" finished-at="2019-07-13T15:20:47Z">
          <reporter-output>
          </reporter-output>
        </test-method> <!-- logout -->
        <test-method status="PASS" signature="searchTest()[pri:0, instance:com.Tests.TestNG_Basic@4b6995df]" name="searchTest" duration-ms="2" started-at="2019-07-13T15:20:47Z" finished-at="2019-07-13T15:20:47Z">
          <reporter-output>
          </reporter-output>
        </test-method> <!-- searchTest -->
        <test-method status="PASS" signature="DeleteAllCookies()[pri:0, instance:com.Tests.TestNG_Basic@4b6995df]" name="DeleteAllCookies" is-config="true" duration-ms="0" started-at="2019-07-13T15:20:47Z" finished-at="2019-07-13T15:20:47Z">
          <reporter-output>
          </reporter-output>
        </test-method> <!-- DeleteAllCookies -->
        <test-method status="PASS" signature="closeBrowser()[pri:0, instance:com.Tests.TestNG_Basic@4b6995df]" name="closeBrowser" is-config="true" duration-ms="0" started-at="2019-07-13T15:20:47Z" finished-at="2019-07-13T15:20:47Z">
          <reporter-output>
          </reporter-output>
        </test-method> <!-- closeBrowser -->
        <test-method status="PASS" signature="logout()[pri:0, instance:com.Tests.TestNG_Basic@4b6995df]" name="logout" is-config="true" duration-ms="0" started-at="2019-07-13T15:20:47Z" finished-at="2019-07-13T15:20:47Z">
          <reporter-output>
          </reporter-output>
        </test-method> <!-- logout -->
        <test-method status="PASS" signature="generateTestReport()[pri:0, instance:com.Tests.TestNG_Basic@4b6995df]" name="generateTestReport" is-config="true" duration-ms="0" started-at="2019-07-13T15:20:47Z" finished-at="2019-07-13T15:20:47Z">
          <reporter-output>
          </reporter-output>
        </test-method> <!-- generateTestReport -->
      </class> <!-- com.Tests.TestNG_Basic -->
    </test> <!-- Different testng Feature Test -->
  </suite> <!-- TestNG Session Test Automation Suite -->
</testng-results>
