<?xml version="1.0" encoding="UTF-8"?>
<!-- Generated by org.testng.reporters.JUnitXMLReporter -->
<testsuite hostname="WIN-9CSDHDN9FSR" name="Different testng Feature Test" tests="22" failures="2" timestamp="13 Jul 2019 19:20:47 GMT" time="78.687" errors="0">
  <testcase name="Test1" time="0.004" classname="com.Tests.ExceptionTimeOutTest"/>
  <testcase name="googleTest" time="0.035" classname="com.Tests.GoogleTest"/>
  <testcase name="MailLinkTest" time="0.094" classname="com.Tests.GoogleTest"/>
  <testcase name="googleLogoTest" time="0.106" classname="com.Tests.GoogleTest"/>
  <testcase name="Test1" time="0.001" classname="com.Tests.GoogleTest"/>
  <testcase name="Test2" time="0.002" classname="com.Tests.GoogleTest"/>
  <testcase name="Test3" time="0.001" classname="com.Tests.GoogleTest"/>
  <testcase name="googleLogoTest" time="0.047" classname="com.Tests.GoogleTitleTest">
    <failure type="java.lang.AssertionError" message="expected [true] but found [b]">
      <![CDATA[java.lang.AssertionError: expected [true] but found [b]
	at com.Tests.GoogleTitleTest.googleLogoTest(GoogleTitleTest.java:43)
... Removed 30 stack frames]]>
    </failure>
  </testcase> <!-- googleLogoTest -->
  <testcase name="googleTest" time="0.021" classname="com.Tests.GoogleTitleTest">
    <failure type="java.lang.AssertionError" message="expected [Google] but found [title]">
      <![CDATA[java.lang.AssertionError: expected [Google] but found [title]
	at com.Tests.GoogleTitleTest.googleTest(GoogleTitleTest.java:35)
... Removed 30 stack frames]]>
    </failure>
  </testcase> <!-- googleTest -->
  <testcase name="sum" time="0.001" classname="com.Tests.inovocationCount"/>
  <testcase name="sum" time="0.001" classname="com.Tests.inovocationCount"/>
  <testcase name="sum" time="0.003" classname="com.Tests.inovocationCount"/>
  <testcase name="sum" time="0.004" classname="com.Tests.inovocationCount"/>
  <testcase name="sum" time="0.001" classname="com.Tests.inovocationCount"/>
  <testcase name="sum" time="0.001" classname="com.Tests.inovocationCount"/>
  <testcase name="sum" time="0.001" classname="com.Tests.inovocationCount"/>
  <testcase name="sum" time="0.001" classname="com.Tests.inovocationCount"/>
  <testcase name="sum" time="0.001" classname="com.Tests.inovocationCount"/>
  <testcase name="sum" time="0.001" classname="com.Tests.inovocationCount"/>
  <testcase name="googlTitleTest" time="0.002" classname="com.Tests.TestNG_Basic"/>
  <testcase name="googleTitleTest" time="0.001" classname="com.Tests.TestNG_Basic"/>
  <testcase name="searchTest" time="0.002" classname="com.Tests.TestNG_Basic"/>
</testsuite> <!-- Different testng Feature Test -->
